{
  "RSpec": {
    "coverage": {
      "/Users/nimasoufiani/education/Makers/course/week4/bookmark_challenge/spec/bookmark_spec.rb": {
        "lines": [
          null,
          null,
          1,
          null,
          1,
          1,
          1,
          null,
          null
        ]
      },
      "/Users/nimasoufiani/education/Makers/course/week4/bookmark_challenge/spec/features/testing_infrastructure_spec.rb": {
        "lines": [
          1,
          1,
          1,
          1,
          null,
          null
        ]
      }
    },
    "timestamp": 1583769886
  }
}
